
2023-05-05 04:07:05 [error] : Hello 구독자님들.
2023-05-05 04:10:05 [error] : Hello 구독자님들.
2023-05-05 04:10:05 [error] : Hello 구독자님들.
2023-05-05 04:10:05 [error] : Hello 구독자님들.
2023-05-05 04:11:05 [error] : Hello 구독자님들.
2023-05-05 04:13:05 [error] : Hello 구독자님들.
2023-05-05 04:14:05 [error] : Hello 구독자님들.
2023-05-05 04:14:05 [error] : Hello 구독자님들.
2023-05-05 04:16:05 [error] : Hello 구독자님들.
2023-05-05 04:16:05 [error] : Hello 구독자님들.
2023-05-05 04:45:05 [info] : GET /current 200 "홈 화면으로 이동"
2023-05-05 04:45:05 [info] : GET /current 200 "홈 화면으로 이동"
2023-05-05 04:45:05 [info] : GET /login 200 "로그인 화면으로 이동"
2023-05-05 04:48:05 [info] : GET /current 200 "홈 화면으로 이동"
2023-05-05 04:57:05 [info] : POST /login 200 "로그인 화면으로 이동"
2023-05-05 05:04:05 [info] : POST /login 200 "로그인 화면으로 이동"
2023-05-05 13:44:05 [info] : GET /current 200 "홈 화면으로 이동"
2023-05-05 13:44:05 [info] : GET /current 200 "홈 화면으로 이동"
2023-05-05 13:44:05 [info] : GET /userlist 200 "유저 리스트 화면으로 이동"
2023-05-05 13:53:05 [info] : POST /login 200 "로그인 화면으로 이동"
2023-05-05 13:57:05 [info] : POST /project 200 "프로젝트가 추가되었습니다"
2023-05-05 13:58:05 [info] : DELETE /project 204 "프로젝트가 삭제되었습니다"
2023-05-05 14:15:05 [info] : GET /current 200 "홈 화면으로 이동"
2023-05-05 14:17:05 [info] : GET /current 200 "홈 화면으로 이동"
2023-05-05 14:17:05 [info] : POST /login 200 "로그인 화면으로 이동"
2023-05-05 14:24:05 [info] : POST /login 200 "로그인 화면으로 이동"
2023-05-05 14:30:05 [info] : POST /login 200 "로그인 화면으로 이동"
2023-05-05 14:33:05 [info] : GET /current 200 "홈 화면으로 이동"
2023-05-05 14:33:05 [info] : PATCH /project/:user_id/:project_id 200 "프로젝트가 편집되었습니다"
2023-05-05 14:33:05 [info] : GET /current 200 "홈 화면으로 이동"
2023-05-05 14:33:05 [info] : PATCH /project/:user_id/:project_id 200 "프로젝트가 편집되었습니다"
2023-05-05 14:35:05 [info] : POST /project 200 "프로젝트가 추가되었습니다"
2023-05-05 14:36:05 [info] : PATCH /project/:user_id/:project_id 200 "프로젝트가 편집되었습니다"
2023-05-05 14:43:05 [info] : PATCH /education/:user_id/:education_id 200 "학력이 수정되었습니다"
2023-05-05 14:43:05 [info] : PATCH /education/:user_id/:education_id 200 "학력이 삭제되었습니다"
2023-05-05 14:44:05 [info] : POST /education/:user_id/:education_id 201 "학력이 추가되었습니다"
2023-05-05 14:44:05 [info] : PATCH /education/:user_id/:education_id 200 "학력이 삭제되었습니다"
2023-05-05 14:49:05 [info] : DELETE /project 204 "프로젝트가 삭제되었습니다"
2023-05-05 14:50:05 [info] : POST /certificate/:user_id/:certificate_id 201 "자격증이 추가되었습니다"
2023-05-05 14:50:05 [info] : PATCH /certificate/:user_id/:certificate_id 201 "자격증이 수정되었습니다"
2023-05-05 14:50:05 [info] : DELETE /certificate/:user_id/:certificate_id 201 "자격증이 삭제되었습니다"
2023-05-05 14:53:05 [info] : PATCH /award/:user_id/:award_id 201 "수상이력이 수정되었습니다"
2023-05-05 14:53:05 [info] : DELETE /award/:user_id/:award_id 201 "수상이력이 삭제되었습니다"
2023-05-05 14:54:05 [info] : POST /award/:user_id/:award_id 201 "수상이력이 추가되었습니다"
2023-05-05 15:44:05 [info] : GET /register 200 "회원가입 페이지로 이동"
2023-05-05 15:44:05 [info] : GET /userlist 200 "유저 리스트 화면으로 이동"
2023-05-05 15:44:05 [info] : GET /users/:id 200 "회원 정보 조회"
2023-05-05 15:44:05 [info] : PATCH /users/:id 200 "프로필 이미지 수정"
2023-05-05 15:47:05 [info] : GET /register 200 "회원가입 페이지로 이동"
2023-05-05 15:47:05 [info] : GET /userlist 200 "유저 리스트 화면으로 이동"
2023-05-05 15:47:05 [info] : GET /users/:id 200 "회원 정보 조회"
2023-05-05 15:47:05 [info] : PATCH /users/:id 200 "프로필 이미지 수정"
2023-05-05 15:50:05 [info] : GET /register 200 "회원가입 페이지로 이동"
2023-05-05 15:50:05 [info] : GET /userlist 200 "유저 리스트 화면으로 이동"
2023-05-05 15:50:05 [info] : GET /users/:id 200 "회원 정보 조회"
2023-05-05 15:50:05 [info] : PATCH /users/:id 200 "프로필 이미지 수정"
2023-05-05 15:50:05 [info] : GET /users/:id 200 "회원 정보 조회"
2023-05-05 15:50:05 [info] : PATCH /users/:id 200 "프로필 이미지 수정"
2023-05-05 15:50:05 [info] : PATCH /users/:id 200 "프로필 이미지 수정"
2023-05-05 15:51:05 [info] : GET /register 200 "회원가입 페이지로 이동"
2023-05-05 15:51:05 [info] : GET /userlist 200 "유저 리스트 화면으로 이동"
2023-05-05 15:51:05 [info] : GET /users/:id 200 "회원 정보 조회"
2023-05-05 15:51:05 [info] : PATCH /users/:id 200 "프로필 이미지 수정"
2023-05-05 16:03:05 [info] : GET /register 200 "회원가입 페이지로 이동"
2023-05-05 16:03:05 [info] : GET /userlist 200 "유저 리스트 화면으로 이동"
2023-05-05 16:03:05 [info] : GET /users/:id 200 "회원 정보 조회"
2023-05-05 16:03:05 [info] : PATCH /users/:id 200 "프로필 이미지 수정"
2023-05-05 16:05:05 [info] : GET /register 200 "회원가입 페이지로 이동"
2023-05-05 16:05:05 [info] : GET /userlist 200 "유저 리스트 화면으로 이동"
2023-05-05 16:05:05 [info] : GET /users/:id 200 "회원 정보 조회"
2023-05-05 16:05:05 [info] : PATCH /users/:id 200 "프로필 이미지 수정"
2023-05-05 16:06:05 [info] : GET /register 200 "회원가입 페이지로 이동"
2023-05-05 16:06:05 [info] : GET /userlist 200 "유저 리스트 화면으로 이동"
2023-05-05 16:06:05 [info] : GET /users/:id 200 "회원 정보 조회"
2023-05-05 16:06:05 [info] : PATCH /users/:id 200 "프로필 이미지 수정"
2023-05-05 16:18:05 [info] : GET /register 200 "회원가입 페이지로 이동"
2023-05-05 16:18:05 [info] : GET /userlist 200 "유저 리스트 화면으로 이동"
2023-05-05 16:18:05 [info] : GET /users/:id 200 "회원 정보 조회"
2023-05-05 16:18:05 [info] : PATCH /users/:id 200 "프로필 이미지 수정"
2023-05-05 16:18:05 [info] : GET /register 200 "회원가입 페이지로 이동"
2023-05-05 16:18:05 [info] : GET /userlist 200 "유저 리스트 화면으로 이동"
2023-05-05 16:18:05 [info] : GET /users/:id 200 "회원 정보 조회"
2023-05-05 16:18:05 [info] : PATCH /users/:id 200 "프로필 이미지 수정"
2023-05-05 16:55:05 [info] : POST /user/register 200 "회원가입 완료"
2023-05-05 17:03:05 [info] : POST /user/register 200 "회원가입 완료"
2023-05-05 17:08:05 [info] : POST /user/register 200 "회원가입 완료"
2023-05-05 17:13:05 [info] : POST /user/register 200 "회원가입 완료"
2023-05-05 17:14:05 [info] : POST /user/userlist 200 "네트워크로 이동"
2023-05-05 17:15:05 [info] : POST /user/userlist 200 "네트워크로 이동"
2023-05-05 17:15:05 [info] : POST /user/userlist 200 "네트워크로 이동"
2023-05-05 17:16:05 [info] : POST /user/userlist 200 "네트워크로 이동"
2023-05-05 17:16:05 [info] : POST /user/userlist 200 "네트워크로 이동"
2023-05-05 17:16:05 [info] : POST /user/userlist 200 "네트워크로 이동"
2023-05-05 17:21:05 [info] : POST /user/userlist 200 "네트워크로 이동"
2023-05-05 17:21:05 [info] : POST /user/userlist 200 "네트워크로 이동"
2023-05-05 17:23:05 [info] : POST /user/register 200 "회원가입 완료"
2023-05-05 17:23:05 [info] : POST /user/register 200 "회원가입 완료"
2023-05-05 17:24:05 [info] : POST /user/userlist 200 "네트워크로 이동"
2023-05-05 17:24:05 [info] : POST /user/userlist 200 "네트워크로 이동"
2023-05-05 17:24:05 [info] : POST /user/userlist 200 "네트워크로 이동"
2023-05-05 17:24:05 [info] : GET /user/current 200 "현재 사용자 조회 성공"
2023-05-05 17:24:05 [info] : GET /user/current 200 "현재 사용자 조회 성공"
2023-05-05 17:24:05 [info] : POST /user/userlist 200 "네트워크로 이동"
2023-05-05 17:24:05 [info] : GET /user/current 200 "현재 사용자 조회 성공"
2023-05-05 17:24:05 [info] : GET /user/current 200 "현재 사용자 조회 성공"
2023-05-05 17:25:05 [info] : POST /user/userlist 200 "네트워크로 이동"
2023-05-05 17:25:05 [info] : GET /user/current 200 "현재 사용자 조회 성공"
2023-05-05 17:25:05 [info] : GET /user/current 200 "현재 사용자 조회 성공"
2023-05-05 17:26:05 [info] : POST /user/userlist 200 "네트워크로 이동"
2023-05-05 17:26:05 [info] : POST /user/userlist 200 "네트워크로 이동"
2023-05-05 17:26:05 [info] : GET /user/current 200 "나의 페이지로 이동"
2023-05-05 17:26:05 [info] : GET /user/current 200 "나의 페이지로 이동"
2023-05-05 17:33:05 [info] : DELETE /project 204 "프로젝트가 삭제되었습니다"
2023-05-05 17:35:05 [info] : PATCH /project/:user_id/:project_id 200 "프로젝트가 편집되었습니다"
2023-05-05 17:36:05 [info] : POST /project 200 "프로젝트가 추가되었습니다"
2023-05-05 17:40:05 [info] : DELETE /education/:user_id/:education_id 200 "학력이 삭제되었습니다"
2023-05-05 17:40:05 [info] : PATCH /education/:user_id/:education_id 200 "학력이 수정되었습니다"
2023-05-05 17:40:05 [info] : POST /education/:user_id/:education_id 201 "학력이 추가되었습니다"
2023-05-05 17:42:05 [info] : POST /certificate/:user_id/:certificate_id 201 "자격증이 추가되었습니다"
2023-05-05 17:42:05 [info] : PATCH /certificate/:user_id/:certificate_id 201 "자격증이 수정되었습니다"
2023-05-05 17:42:05 [info] : DELETE /certificate/:user_id/:certificate_id 201 "자격증이 삭제되었습니다"
2023-05-05 17:44:05 [info] : POST /award/:user_id/:award_id 201 "수상이력이 추가되었습니다"
2023-05-05 17:44:05 [info] : PATCH /award/:user_id/:award_id 201 "수상이력이 수정되었습니다"
2023-05-05 17:44:05 [info] : DELETE /award/:user_id/:award_id 201 "수상이력이 삭제되었습니다"
2023-05-05 17:45:05 [info] : DELETE /project 204 "프로젝트가 삭제되었습니다"
2023-05-05 17:53:05 [info] : POST /user/register 200 "회원가입 완료"
2023-05-05 17:53:05 [info] : GET /user/current 200 "나의 페이지로 이동"
2023-05-05 17:53:05 [info] : GET /user/current 200 "나의 페이지로 이동"
2023-05-05 17:53:05 [info] : POST /user/userlist 200 "네트워크로 이동"
2023-05-05 17:53:05 [info] : GET /user/current 200 "나의 페이지로 이동"
2023-05-05 17:53:05 [info] : GET /user/current 200 "나의 페이지로 이동"
2023-05-05 17:53:05 [info] : PATCH /education/:user_id/:education_id 200 "학력이 수정되었습니다"
2023-05-05 17:53:05 [info] : DELETE /education/:user_id/:education_id 200 "학력이 삭제되었습니다"
2023-05-05 17:53:05 [info] : PATCH /award/:user_id/:award_id 201 "수상이력이 수정되었습니다"
2023-05-05 17:53:05 [info] : DELETE /award/:user_id/:award_id 201 "수상이력이 삭제되었습니다"
2023-05-05 17:54:05 [info] : POST /award/:user_id/:award_id 201 "수상이력이 추가되었습니다"
2023-05-05 17:59:05 [info] : GET /user/current 200 "나의 페이지로 이동"
2023-05-05 17:59:05 [info] : GET /user/current 200 "나의 페이지로 이동"
2023-05-05 17:59:05 [info] : GET /user/current 200 "나의 페이지로 이동"
2023-05-05 17:59:05 [info] : POST /user/userlist 200 "네트워크로 이동"
2023-05-05 17:59:05 [info] : GET /user/current 200 "나의 페이지로 이동"
2023-05-05 17:59:05 [info] : GET /user/current 200 "나의 페이지로 이동"
2023-05-05 18:38:05 [info] : POST /user/register 200 "회원가입 완료"
2023-05-05 18:38:05 [info] : GET /user/current 200 "나의 페이지로 이동"
2023-05-05 18:38:05 [info] : GET /user/current 200 "나의 페이지로 이동"
2023-05-05 18:38:05 [info] : Get /user/userlist 200 "네트워크로 이동"
2023-05-05 18:38:05 [info] : Get /user/userlist 200 "네트워크로 이동"
2023-05-05 18:38:05 [info] : Get /user/userlist 200 "네트워크로 이동"
2023-05-05 18:38:05 [info] : Get /user/userlist 200 "네트워크로 이동"
2023-05-05 18:38:05 [info] : Get /user/userlist 200 "네트워크로 이동"
2023-05-05 18:38:05 [info] : Get /user/userlist 200 "네트워크로 이동"
2023-05-05 18:38:05 [info] : Get /user/userlist 200 "네트워크로 이동"
2023-05-05 18:38:05 [info] : Get /user/userlist 200 "네트워크로 이동"
2023-05-05 18:39:05 [info] : Get /user/userlist 200 "네트워크로 이동"
2023-05-05 18:44:05 [info] : Get /user/userlist 200 "네트워크로 이동"
2023-05-05 18:45:05 [info] : Get /user/userlist 200 "네트워크로 이동"
2023-05-05 18:50:05 [info] : GET /user/current 200 "나의 페이지로 이동"
2023-05-05 18:50:05 [info] : GET /user/current 200 "나의 페이지로 이동"
2023-05-05 18:50:05 [info] : Get /user/userlist 200 "네트워크로 이동"
2023-05-05 18:50:05 [info] : Get /user/userlist 200 "네트워크로 이동"
2023-05-05 18:50:05 [info] : POST /user/register 200 "회원가입 완료"
2023-05-05 18:50:05 [info] : POST /user/register 200 "회원가입 완료"
2023-05-05 18:50:05 [info] : GET /user/current 200 "나의 페이지로 이동"
2023-05-05 18:50:05 [info] : GET /user/current 200 "나의 페이지로 이동"
2023-05-05 20:44:05 [info] : POST /user/register 200 "회원가입 완료"
2023-05-05 21:30:05 [info] : POST /user/register 200 "회원가입 완료"
2023-05-05 21:30:05 [info] : POST /user/register 200 "회원가입 완료"
2023-05-05 21:30:05 [info] : GET /user/current 200 "나의 페이지로 이동"
2023-05-05 21:30:05 [info] : GET /user/current 200 "나의 페이지로 이동"
2023-05-05 21:46:05 [info] : POST /user/register 200 "회원가입 완료"
2023-05-05 21:46:05 [info] : GET /user/current 200 "나의 페이지로 이동"
2023-05-05 21:46:05 [info] : GET /user/current 200 "나의 페이지로 이동"
